[debug] [2023-10-08T10:50:31.201Z] ----------------------------------------------------------------------
[debug] [2023-10-08T10:50:31.216Z] Command:       C:\Program Files\nodejs\node.exe C:\Users\TM\AppData\Roaming\npm\node_modules\firebase-tools\lib\bin\firebase.js deploy --only functions:salaryPayment
[debug] [2023-10-08T10:50:31.217Z] CLI Version:   12.6.2
[debug] [2023-10-08T10:50:31.218Z] Platform:      win32
[debug] [2023-10-08T10:50:31.219Z] Node Version:  v18.15.0
[debug] [2023-10-08T10:50:31.505Z] Time:          Sun Oct 08 2023 13:50:31 GMT+0300 (East Africa Time)
[debug] [2023-10-08T10:50:31.505Z] ----------------------------------------------------------------------
[debug] 
[debug] [2023-10-08T10:50:31.839Z] > command requires scopes: ["email","openid","https://www.googleapis.com/auth/cloudplatformprojects.readonly","https://www.googleapis.com/auth/firebase","https://www.googleapis.com/auth/cloud-platform"]
[debug] [2023-10-08T10:50:31.840Z] > authorizing via signed-in user (hrmsmsa@gmail.com)
[debug] [2023-10-08T10:50:31.841Z] [iam] checking project hrmsmsa-196c7 for permissions ["cloudfunctions.functions.create","cloudfunctions.functions.delete","cloudfunctions.functions.get","cloudfunctions.functions.list","cloudfunctions.functions.update","cloudfunctions.operations.get","firebase.projects.get"]
[debug] [2023-10-08T10:50:31.893Z] >>> [apiv2][query] POST https://cloudresourcemanager.googleapis.com/v1/projects/hrmsmsa-196c7:testIamPermissions [none]
[debug] [2023-10-08T10:50:31.893Z] >>> [apiv2][(partial)header] POST https://cloudresourcemanager.googleapis.com/v1/projects/hrmsmsa-196c7:testIamPermissions x-goog-quota-user=projects/hrmsmsa-196c7
[debug] [2023-10-08T10:50:31.894Z] >>> [apiv2][body] POST https://cloudresourcemanager.googleapis.com/v1/projects/hrmsmsa-196c7:testIamPermissions {"permissions":["cloudfunctions.functions.create","cloudfunctions.functions.delete","cloudfunctions.functions.get","cloudfunctions.functions.list","cloudfunctions.functions.update","cloudfunctions.operations.get","firebase.projects.get"]}
[debug] [2023-10-08T10:50:36.120Z] <<< [apiv2][status] POST https://cloudresourcemanager.googleapis.com/v1/projects/hrmsmsa-196c7:testIamPermissions 200
[debug] [2023-10-08T10:50:36.121Z] <<< [apiv2][body] POST https://cloudresourcemanager.googleapis.com/v1/projects/hrmsmsa-196c7:testIamPermissions {"permissions":["cloudfunctions.functions.create","cloudfunctions.functions.delete","cloudfunctions.functions.get","cloudfunctions.functions.list","cloudfunctions.functions.update","cloudfunctions.operations.get","firebase.projects.get"]}
[debug] [2023-10-08T10:50:36.122Z] >>> [apiv2][query] POST https://iam.googleapis.com/v1/projects/hrmsmsa-196c7/serviceAccounts/hrmsmsa-196c7@appspot.gserviceaccount.com:testIamPermissions [none]
[debug] [2023-10-08T10:50:36.122Z] >>> [apiv2][body] POST https://iam.googleapis.com/v1/projects/hrmsmsa-196c7/serviceAccounts/hrmsmsa-196c7@appspot.gserviceaccount.com:testIamPermissions {"permissions":["iam.serviceAccounts.actAs"]}
[debug] [2023-10-08T10:50:37.378Z] <<< [apiv2][status] POST https://iam.googleapis.com/v1/projects/hrmsmsa-196c7/serviceAccounts/hrmsmsa-196c7@appspot.gserviceaccount.com:testIamPermissions 200
[debug] [2023-10-08T10:50:37.378Z] <<< [apiv2][body] POST https://iam.googleapis.com/v1/projects/hrmsmsa-196c7/serviceAccounts/hrmsmsa-196c7@appspot.gserviceaccount.com:testIamPermissions {"permissions":["iam.serviceAccounts.actAs"]}
[info] 
[info] === Deploying to 'hrmsmsa-196c7'...
[info] 
[info] i  deploying functions 
[debug] [2023-10-08T10:50:37.418Z] >>> [apiv2][query] GET https://firebase.googleapis.com/v1beta1/projects/hrmsmsa-196c7 [none]
[debug] [2023-10-08T10:50:38.190Z] <<< [apiv2][status] GET https://firebase.googleapis.com/v1beta1/projects/hrmsmsa-196c7 200
[debug] [2023-10-08T10:50:38.190Z] <<< [apiv2][body] GET https://firebase.googleapis.com/v1beta1/projects/hrmsmsa-196c7 {"projectId":"hrmsmsa-196c7","projectNumber":"949365059526","displayName":"hrmsmsa","name":"projects/hrmsmsa-196c7","resources":{"hostingSite":"hrmsmsa-196c7","realtimeDatabaseInstance":"hrmsmsa-196c7-default-rtdb","storageBucket":"hrmsmsa-196c7.appspot.com","locationId":"us-central"},"state":"ACTIVE","etag":"1_1f157b0d-c1a9-4a99-a4b1-fbbec903f7e7"}
[info] i  functions: preparing codebase default for deployment 
[info] i  functions: ensuring required API cloudfunctions.googleapis.com is enabled... 
[info] i  functions: ensuring required API cloudbuild.googleapis.com is enabled... 
[info] i  artifactregistry: ensuring required API artifactregistry.googleapis.com is enabled... 
[debug] [2023-10-08T10:50:38.197Z] >>> [apiv2][query] GET https://serviceusage.googleapis.com/v1/projects/hrmsmsa-196c7/services/cloudfunctions.googleapis.com [none]
[debug] [2023-10-08T10:50:38.197Z] >>> [apiv2][(partial)header] GET https://serviceusage.googleapis.com/v1/projects/hrmsmsa-196c7/services/cloudfunctions.googleapis.com x-goog-quota-user=projects/hrmsmsa-196c7
[debug] [2023-10-08T10:50:38.200Z] >>> [apiv2][query] GET https://serviceusage.googleapis.com/v1/projects/hrmsmsa-196c7/services/runtimeconfig.googleapis.com [none]
[debug] [2023-10-08T10:50:38.200Z] >>> [apiv2][(partial)header] GET https://serviceusage.googleapis.com/v1/projects/hrmsmsa-196c7/services/runtimeconfig.googleapis.com x-goog-quota-user=projects/hrmsmsa-196c7
[debug] [2023-10-08T10:50:38.202Z] >>> [apiv2][query] GET https://serviceusage.googleapis.com/v1/projects/hrmsmsa-196c7/services/cloudbuild.googleapis.com [none]
[debug] [2023-10-08T10:50:38.203Z] >>> [apiv2][(partial)header] GET https://serviceusage.googleapis.com/v1/projects/hrmsmsa-196c7/services/cloudbuild.googleapis.com x-goog-quota-user=projects/hrmsmsa-196c7
[debug] [2023-10-08T10:50:38.204Z] >>> [apiv2][query] GET https://serviceusage.googleapis.com/v1/projects/hrmsmsa-196c7/services/artifactregistry.googleapis.com [none]
[debug] [2023-10-08T10:50:38.204Z] >>> [apiv2][(partial)header] GET https://serviceusage.googleapis.com/v1/projects/hrmsmsa-196c7/services/artifactregistry.googleapis.com x-goog-quota-user=projects/hrmsmsa-196c7
[debug] [2023-10-08T10:50:39.683Z] <<< [apiv2][status] GET https://serviceusage.googleapis.com/v1/projects/hrmsmsa-196c7/services/cloudbuild.googleapis.com 200
[debug] [2023-10-08T10:50:39.683Z] <<< [apiv2][body] GET https://serviceusage.googleapis.com/v1/projects/hrmsmsa-196c7/services/cloudbuild.googleapis.com [omitted]
[info] +  functions: required API cloudbuild.googleapis.com is enabled 
[debug] [2023-10-08T10:50:39.707Z] <<< [apiv2][status] GET https://serviceusage.googleapis.com/v1/projects/hrmsmsa-196c7/services/runtimeconfig.googleapis.com 200
[debug] [2023-10-08T10:50:39.707Z] <<< [apiv2][body] GET https://serviceusage.googleapis.com/v1/projects/hrmsmsa-196c7/services/runtimeconfig.googleapis.com [omitted]
[debug] [2023-10-08T10:50:39.709Z] <<< [apiv2][status] GET https://serviceusage.googleapis.com/v1/projects/hrmsmsa-196c7/services/cloudfunctions.googleapis.com 200
[debug] [2023-10-08T10:50:39.710Z] <<< [apiv2][body] GET https://serviceusage.googleapis.com/v1/projects/hrmsmsa-196c7/services/cloudfunctions.googleapis.com [omitted]
[info] +  functions: required API cloudfunctions.googleapis.com is enabled 
[debug] [2023-10-08T10:50:39.727Z] <<< [apiv2][status] GET https://serviceusage.googleapis.com/v1/projects/hrmsmsa-196c7/services/artifactregistry.googleapis.com 200
[debug] [2023-10-08T10:50:39.727Z] <<< [apiv2][body] GET https://serviceusage.googleapis.com/v1/projects/hrmsmsa-196c7/services/artifactregistry.googleapis.com [omitted]
[info] +  artifactregistry: required API artifactregistry.googleapis.com is enabled 
[debug] [2023-10-08T10:50:39.728Z] >>> [apiv2][query] GET https://firebase.googleapis.com/v1beta1/projects/hrmsmsa-196c7/adminSdkConfig [none]
[debug] [2023-10-08T10:50:40.453Z] <<< [apiv2][status] GET https://firebase.googleapis.com/v1beta1/projects/hrmsmsa-196c7/adminSdkConfig 200
[debug] [2023-10-08T10:50:40.454Z] <<< [apiv2][body] GET https://firebase.googleapis.com/v1beta1/projects/hrmsmsa-196c7/adminSdkConfig {"projectId":"hrmsmsa-196c7","databaseURL":"https://hrmsmsa-196c7-default-rtdb.firebaseio.com","storageBucket":"hrmsmsa-196c7.appspot.com","locationId":"us-central"}
[debug] [2023-10-08T10:50:40.455Z] >>> [apiv2][query] GET https://runtimeconfig.googleapis.com/v1beta1/projects/hrmsmsa-196c7/configs [none]
[debug] [2023-10-08T10:50:41.417Z] <<< [apiv2][status] GET https://runtimeconfig.googleapis.com/v1beta1/projects/hrmsmsa-196c7/configs 200
[debug] [2023-10-08T10:50:41.418Z] <<< [apiv2][body] GET https://runtimeconfig.googleapis.com/v1beta1/projects/hrmsmsa-196c7/configs {}
[debug] [2023-10-08T10:50:41.957Z] Validating nodejs source
[debug] [2023-10-08T10:50:52.814Z] checkFunctionsSDKVersion was unable to fetch information from NPM Error: spawnSync C:\Windows\system32\cmd.exe ETIMEDOUT
    at Object.spawnSync (node:internal/child_process:1110:20)
    at Object.spawnSync (node:child_process:871:24)
    at Function.spawnSync [as sync] (C:\Users\TM\AppData\Roaming\npm\node_modules\firebase-tools\node_modules\cross-spawn\index.js:26:23)
    at Object.getLatestSDKVersion (C:\Users\TM\AppData\Roaming\npm\node_modules\firebase-tools\lib\deploy\functions\runtimes\node\versioning.js:54:25)
    at Object.checkFunctionsSDKVersion (C:\Users\TM\AppData\Roaming\npm\node_modules\firebase-tools\lib\deploy\functions\runtimes\node\versioning.js:74:32)
    at Delegate.validate (C:\Users\TM\AppData\Roaming\npm\node_modules\firebase-tools\lib\deploy\functions\runtimes\node\index.js:84:20)
    at loadCodebases (C:\Users\TM\AppData\Roaming\npm\node_modules\firebase-tools\lib\deploy\functions\prepare.js:294:31)
    at async prepare (C:\Users\TM\AppData\Roaming\npm\node_modules\firebase-tools\lib\deploy\functions\prepare.js:55:24)
    at async chain (C:\Users\TM\AppData\Roaming\npm\node_modules\firebase-tools\lib\deploy\index.js:38:9)
    at async deploy (C:\Users\TM\AppData\Roaming\npm\node_modules\firebase-tools\lib\deploy\index.js:95:5)
[debug] [2023-10-08T10:50:52.816Z] > [functions] package.json contents: {
  "name": "functions",
  "description": "Cloud Functions for Firebase",
  "scripts": {
    "serve": "firebase emulators:start --only functions",
    "shell": "firebase functions:shell",
    "start": "npm run shell",
    "deploy": "firebase deploy --only functions",
    "logs": "firebase functions:log"
  },
  "engines": {
    "node": "18"
  },
  "main": "index.js",
  "dependencies": {
    "firebase-admin": "^11.8.0",
    "firebase-functions": "^4.4.1"
  },
  "devDependencies": {
    "firebase-functions-test": "^3.1.0"
  },
  "private": true
}
[debug] [2023-10-08T10:50:52.817Z] Building nodejs source
[info] i  functions: Loading and analyzing source code for codebase default to determine what to deploy 
[debug] [2023-10-08T10:50:52.824Z] Could not find functions.yaml. Must use http discovery
[debug] [2023-10-08T10:50:52.889Z] Found firebase-functions binary at 'G:\Office\tj\webApps\hrms\functions\node_modules\.bin\firebase-functions'
[debug] [2023-10-08T10:50:59.135Z] Failed to call quitquitquit. This often means the server failed to start request to http://localhost:8150/__/quitquitquit failed, reason: connect ECONNREFUSED ::1:8150 {"message":"request to http://localhost:8150/__/quitquitquit failed, reason: connect ECONNREFUSED ::1:8150","type":"system","errno":"ECONNREFUSED","code":"ECONNREFUSED"}
[info] Serving at port 8150

[debug] [2023-10-08T10:51:09.807Z] FetchError: request to http://127.0.0.1:8150/__/functions.yaml failed, reason: Parse Error: Expected HTTP/
    at ClientRequest.<anonymous> (C:\Users\TM\AppData\Roaming\npm\node_modules\firebase-tools\node_modules\node-fetch\lib\index.js:1501:11)
    at ClientRequest.emit (node:events:513:28)
    at ClientRequest.emit (node:domain:489:12)
    at Socket.socketOnData (node:_http_client:551:9)
    at Socket.emit (node:events:513:28)
    at Socket.emit (node:domain:489:12)
    at addChunk (node:internal/streams/readable:324:12)
    at readableAddChunk (node:internal/streams/readable:297:9)
    at Readable.push (node:internal/streams/readable:234:10)
    at TCP.onStreamRead (node:internal/stream_base_commons:190:23)
[error] 
[error] Error: An unexpected error has occurred.
